
Currently Loaded Modules:
  1) intel/19.0.5.281   3) netcdf/4.7.0   5) ncl/6.5.0
  2) impi/2019.0.5      4) hdf5/1.10.5    6) ncview/2.1.7

 

Thu May  5 14:43:15 UTC 2022
=============================================================
=                                                            
=      RUNNING POSTPROCESSING NSEM FOR STORM: ida       
=      RUN TYPE: atm2wav2ocn                                 
=                                                            
=============================================================
Plotting output fields...
Formatting point output...
Performing 90% accuracy assessment...
Post-processing completed
Thu May  5 14:43:15 UTC 2022
_______________________________________________________________
Start Epilog v20.08.28 on node h23c07 for job 31287191 :: Thu May 5 14:43:15 UTC 2022
Job 31287191 (serial) finished for user Anil.Kumar in partition hera with exit code 0:0
_______________________________________________________________
End Epilogue v20.08.28 Thu May 5 14:43:15 UTC 2022

Currently Loaded Modules:
  1) intel/19.0.5.281   3) netcdf/4.7.0   5) ncl/6.5.0
  2) impi/2019.0.5      4) hdf5/1.10.5    6) ncview/2.1.7

 

Thu May  5 14:46:30 UTC 2022
=============================================================
=                                                            
=      RUNNING POSTPROCESSING NSEM FOR STORM: ida       
=      RUN TYPE: atm2wav2ocn                                 
=                                                            
=============================================================
Plotting output fields...
Formatting point output...
Performing 90% accuracy assessment...
--- In: postproc-nsemodel-ttest.py ---
Executing in /scratch2/COASTAL/coastal/save/Anil.Kumar/NSEM-workflow/data/ida.atm2wav2ocn.20220505/run

Assessing Wind results...
*** Copying wind file to run directory
                      8760721   8760922   8761305  ...   8764227  8766072   8747437
Date                                               ...                             
2021-08-28 19:00:00   5.81444   5.02596   6.64935  ...   4.17436  5.83765   7.54793
2021-08-28 20:00:00   6.53006   7.59567   6.68027  ...   5.13007  4.33452   7.83805
2021-08-28 21:00:00   6.11066   7.55958   7.60339  ...   5.09714  3.70099   7.52213
2021-08-28 22:00:00   6.95583   7.29255   7.79220  ...   4.75493  3.90477   7.54764
2021-08-28 23:00:00   6.79948   7.59654   7.20397  ...   5.06887  3.41487   8.09355
2021-08-29 00:00:00   6.20712   8.90144   6.06090  ...   4.07328  2.85389   8.46391
2021-08-29 01:00:00   7.39615   9.39494   6.16515  ...   3.78488  3.25199   8.08175
2021-08-29 02:00:00   8.53377  11.78880   7.82630  ...   4.08046  3.19042   6.35762
2021-08-29 03:00:00  10.53230  12.88570   8.56022  ...   4.36442  3.23801   6.58089
2021-08-29 04:00:00   9.58436  14.48400   8.16824  ...   4.40995  4.29720   7.29852
2021-08-29 05:00:00  10.39120  14.87240   8.91183  ...   4.01964  3.67308   7.31452
2021-08-29 06:00:00  17.46550  18.69110  12.15770  ...   3.63153  2.97603   8.22556
2021-08-29 07:00:00  11.48390  15.21480  10.82020  ...   4.61669  3.13992   9.55033
2021-08-29 08:00:00  13.08960  19.21450   9.89847  ...   4.89959  3.16200   9.25378
2021-08-29 09:00:00  14.18190  18.19730  12.38020  ...   5.21847  3.42947  10.65840
2021-08-29 10:00:00  16.19460  23.17200  14.10460  ...   5.87190  3.56967  11.65480
2021-08-29 11:00:00  16.28910  33.38640  14.66050  ...   7.00212  3.89556  11.56370
2021-08-29 12:00:00  22.16750  44.41140  15.92200  ...   8.64688  4.39422  12.22900
2021-08-29 13:00:00  23.94680  45.30470  18.34550  ...   8.76873  5.11452  11.41140
2021-08-29 14:00:00  23.01200  43.51220  17.06010  ...  10.20330  6.25645  13.33000

[20 rows x 11 columns]
                      8760721  8760922  8761305  ...   8764227  8766072  8747437
Date                                             ...                            
2021-08-29 22:00:00  11.75860  14.1523  20.2737  ...  20.92630  9.16794  20.9824
2021-08-29 23:00:00  12.18800  17.4365  19.4521  ...  19.94650  8.21073  19.6429
2021-08-30 00:00:00  13.83050  17.3318  17.5825  ...  20.92410  7.64700  21.9174
2021-08-30 01:00:00  13.04490  17.1597  21.5994  ...  20.30680  7.69764  22.4918
2021-08-30 02:00:00  12.86270  16.9252  19.8235  ...  18.90520  7.54715  22.8004
2021-08-30 03:00:00  12.69940  15.0686  20.4065  ...  17.23110  6.94725  24.9188
2021-08-30 04:00:00  13.51670  16.8846  19.5865  ...  15.31590  7.07443  23.0100
2021-08-30 05:00:00  15.17340  20.4578  17.3601  ...  13.22890  6.77761  23.9196
2021-08-30 06:00:00  13.57590  14.9705  14.7703  ...  12.96610  6.76998  24.0462
2021-08-30 07:00:00  13.28210  16.0422  15.4752  ...  12.25140  5.55235  21.7369
2021-08-30 08:00:00  12.40360  14.6373  14.5225  ...  10.94970  6.02599  21.6321
2021-08-30 09:00:00  10.83550  13.9396  13.3627  ...  11.09670  5.90115  19.8975
2021-08-30 10:00:00  11.26390  13.8019  12.9562  ...  10.62350  7.04978  18.2036
2021-08-30 11:00:00  11.18140  13.1540  11.9484  ...  11.69960  6.48645  19.6871
2021-08-30 12:00:00   9.55513  12.0232  10.2843  ...  10.15960  4.13708  17.5313
2021-08-30 13:00:00   8.39086  12.4417  10.5542  ...   9.23494  4.81198  16.3114
2021-08-30 14:00:00   9.10662  11.7450  10.8618  ...   8.31300  6.54317  12.2012
2021-08-30 15:00:00   9.83214  12.2997  10.8934  ...   9.96875  6.63942  15.5756
2021-08-30 16:00:00  11.21330  12.4119  10.4664  ...   9.93357  6.47264  13.7872
2021-08-30 17:00:00  11.77480  12.5924  10.4035  ...   9.61785  6.91221  15.2834

[20 rows x 11 columns]
                      8760721   8760922   8761305  ...  8764227  8766072   8747437
Date                                               ...                            
2021-08-28 19:00:00   5.29420   5.29420   6.49182  ...  3.19708  3.69566   3.19708
2021-08-28 20:00:00   5.39700   5.39700   9.79170  ...  6.09604  3.89612   2.99662
2021-08-28 21:00:00   4.09658   4.09658  10.08980  ...  3.79846  2.09712   7.59178
2021-08-28 22:00:00   5.79278   5.79278  10.19260  ...  4.69796  1.59854   6.79508
2021-08-28 23:00:00   4.09658   4.09658   8.09550  ...  2.99662  3.69566   8.09550
2021-08-29 00:00:00   4.89328   4.89328   6.99554  ...  1.89666  1.89666   7.59178
2021-08-29 01:00:00   3.99892   3.99892   6.59462  ...  1.19762  2.59570   5.89558
2021-08-29 02:00:00   5.39700   5.39700   6.99554  ...  2.69850  2.09712   3.29474
2021-08-29 03:00:00   7.39132   7.39132   9.88936  ...  1.69620  2.99662   4.69796
2021-08-29 04:00:00  10.49070  10.49070  12.38740  ...  2.69850  1.79900   5.19654
2021-08-29 05:00:00   7.79224   7.79224  13.18920  ...  3.09942  2.09712   6.89274
2021-08-29 06:00:00   7.59178   7.59178  10.89170  ...  1.39808  1.89666   7.89504
2021-08-29 07:00:00   6.29650   6.29650  13.38970  ...  2.09712  2.49804   6.89274
2021-08-29 08:00:00   9.69404   9.69404  10.39310  ...  1.79900  3.09942   8.09550
2021-08-29 09:00:00   8.89220   8.89220  13.48740  ...  1.59854  3.39754   9.19032
2021-08-29 10:00:00  16.38630  16.38630  12.89110  ...  3.39754  5.09374   7.69458
2021-08-29 11:00:00  19.28530  19.28530  18.48340  ...  2.19992  4.39470   7.89504
2021-08-29 12:00:00  17.88210  17.88210  17.18300  ...  3.29474  5.49466   6.99554
2021-08-29 13:00:00  23.18140  23.18140  18.28300  ...  4.79562  5.29420  13.08640
2021-08-29 14:00:00  25.57660  25.57660  20.98150  ...  7.49412  5.39700  13.28690

[20 rows x 11 columns]
                      8760721   8760922  8761305  ...   8764227   8766072   8747437
Date                                              ...                              
2021-08-29 22:00:00  16.78720  16.78720  27.8742  ...  18.38580  10.08980  18.08250
2021-08-29 23:00:00  18.08250  18.08250  27.5761  ...  17.68670   8.49128  18.78160
2021-08-30 00:00:00  15.58450  15.58450  27.7766  ...  18.38580   7.39132  19.68110
2021-08-30 01:00:00  16.68440  16.68440  23.4795  ...  15.28640   8.69174  19.68110
2021-08-30 02:00:00  15.58450  15.58450  26.3785  ...  12.49020   6.59462  19.38290
2021-08-30 03:00:00  13.59020  13.59020  22.6828  ...   8.09550   6.19370  21.08430
2021-08-30 04:00:00  17.48630  17.48630  23.3819  ...   6.79508   8.19316  18.38580
2021-08-30 05:00:00  12.49020  12.49020  20.3801  ...   3.59800   5.69512  19.78390
2021-08-30 06:00:00  12.78830  12.78830  19.9843  ...   4.09658   5.79278  21.18190
2021-08-30 07:00:00  13.78550  13.78550  17.7844  ...   4.19424   5.89558  20.08200
2021-08-30 08:00:00  12.78830  12.78830  18.4834  ...   3.69566   5.09374  15.98540
2021-08-30 09:00:00  11.88880  11.88880  20.6834  ...   3.39754   4.99608  15.28640
2021-08-30 10:00:00  12.28970  12.28970  15.9854  ...   2.99662   4.89328  11.39020
2021-08-30 11:00:00  11.79120  11.79120  20.0820  ...   3.69566   4.59516  14.08870
2021-08-30 12:00:00  10.08980  10.08980  13.1892  ...   2.40038   5.29420  10.49070
2021-08-30 13:00:00  10.08980  10.08980  15.7849  ...   2.69850   5.09374   9.79170
2021-08-30 14:00:00  12.28970  12.28970  12.7883  ...   2.29758   6.09604   9.49358
2021-08-30 15:00:00  11.39020  11.39020  13.5902  ...   2.89896   5.99324   8.09550
2021-08-30 16:00:00  11.39020  11.39020  13.5902  ...   2.79616   6.99554  11.59070
2021-08-30 17:00:00   9.09266   9.09266  12.1869  ...   3.09942   6.29650   9.79170

[20 rows x 11 columns]
Processing 8760721
In test_90_accuracy:
Date
2021-08-28 19:00:00     5.29420
2021-08-28 20:00:00     5.39700
2021-08-28 21:00:00     4.09658
2021-08-28 22:00:00     5.79278
2021-08-28 23:00:00     4.09658
2021-08-29 00:00:00     4.89328
2021-08-29 01:00:00     3.99892
2021-08-29 02:00:00     5.39700
2021-08-29 03:00:00     7.39132
2021-08-29 04:00:00    10.49070
2021-08-29 05:00:00     7.79224
2021-08-29 06:00:00     7.59178
2021-08-29 07:00:00     6.29650
2021-08-29 08:00:00     9.69404
2021-08-29 09:00:00     8.89220
2021-08-29 10:00:00    16.38630
2021-08-29 11:00:00    19.28530
2021-08-29 12:00:00    17.88210
2021-08-29 13:00:00    23.18140
2021-08-29 14:00:00    25.57660
Name: 8760721, dtype: float64
Date
2021-08-29 22:00:00    16.78720
2021-08-29 23:00:00    18.08250
2021-08-30 00:00:00    15.58450
2021-08-30 01:00:00    16.68440
2021-08-30 02:00:00    15.58450
2021-08-30 03:00:00    13.59020
2021-08-30 04:00:00    17.48630
2021-08-30 05:00:00    12.49020
2021-08-30 06:00:00    12.78830
2021-08-30 07:00:00    13.78550
2021-08-30 08:00:00    12.78830
2021-08-30 09:00:00    11.88880
2021-08-30 10:00:00    12.28970
2021-08-30 11:00:00    11.79120
2021-08-30 12:00:00    10.08980
2021-08-30 13:00:00    10.08980
2021-08-30 14:00:00    12.28970
2021-08-30 15:00:00    11.39020
2021-08-30 16:00:00    11.39020
2021-08-30 17:00:00     9.09266
Name: 8760721, dtype: float64
Date
2021-08-28 19:00:00     5.81444
2021-08-28 20:00:00     6.53006
2021-08-28 21:00:00     6.11066
2021-08-28 22:00:00     6.95583
2021-08-28 23:00:00     6.79948
2021-08-29 00:00:00     6.20712
2021-08-29 01:00:00     7.39615
2021-08-29 02:00:00     8.53377
2021-08-29 03:00:00    10.53230
2021-08-29 04:00:00     9.58436
2021-08-29 05:00:00    10.39120
2021-08-29 06:00:00    17.46550
2021-08-29 07:00:00    11.48390
2021-08-29 08:00:00    13.08960
2021-08-29 09:00:00    14.18190
2021-08-29 10:00:00    16.19460
2021-08-29 11:00:00    16.28910
2021-08-29 12:00:00    22.16750
2021-08-29 13:00:00    23.94680
2021-08-29 14:00:00    23.01200
Name: 8760721, dtype: float64
Date
2021-08-29 22:00:00    11.75860
2021-08-29 23:00:00    12.18800
2021-08-30 00:00:00    13.83050
2021-08-30 01:00:00    13.04490
2021-08-30 02:00:00    12.86270
2021-08-30 03:00:00    12.69940
2021-08-30 04:00:00    13.51670
2021-08-30 05:00:00    15.17340
2021-08-30 06:00:00    13.57590
2021-08-30 07:00:00    13.28210
2021-08-30 08:00:00    12.40360
2021-08-30 09:00:00    10.83550
2021-08-30 10:00:00    11.26390
2021-08-30 11:00:00    11.18140
2021-08-30 12:00:00     9.55513
2021-08-30 13:00:00     8.39086
2021-08-30 14:00:00     9.10662
2021-08-30 15:00:00     9.83214
2021-08-30 16:00:00    11.21330
2021-08-30 17:00:00    11.77480
Name: 8760721, dtype: float64
Testing Ha: mu_drel > 0.1
p-value = 0.24939
accept null hypothesis
 => 90% accuracy criterion is met.
0 1 0.24939034793648368
Processing 8760922
In test_90_accuracy:
Date
2021-08-28 19:00:00     5.29420
2021-08-28 20:00:00     5.39700
2021-08-28 21:00:00     4.09658
2021-08-28 22:00:00     5.79278
2021-08-28 23:00:00     4.09658
2021-08-29 00:00:00     4.89328
2021-08-29 01:00:00     3.99892
2021-08-29 02:00:00     5.39700
2021-08-29 03:00:00     7.39132
2021-08-29 04:00:00    10.49070
2021-08-29 05:00:00     7.79224
2021-08-29 06:00:00     7.59178
2021-08-29 07:00:00     6.29650
2021-08-29 08:00:00     9.69404
2021-08-29 09:00:00     8.89220
2021-08-29 10:00:00    16.38630
2021-08-29 11:00:00    19.28530
2021-08-29 12:00:00    17.88210
2021-08-29 13:00:00    23.18140
2021-08-29 14:00:00    25.57660
Name: 8760922, dtype: float64
Date
2021-08-29 22:00:00    16.78720
2021-08-29 23:00:00    18.08250
2021-08-30 00:00:00    15.58450
2021-08-30 01:00:00    16.68440
2021-08-30 02:00:00    15.58450
2021-08-30 03:00:00    13.59020
2021-08-30 04:00:00    17.48630
2021-08-30 05:00:00    12.49020
2021-08-30 06:00:00    12.78830
2021-08-30 07:00:00    13.78550
2021-08-30 08:00:00    12.78830
2021-08-30 09:00:00    11.88880
2021-08-30 10:00:00    12.28970
2021-08-30 11:00:00    11.79120
2021-08-30 12:00:00    10.08980
2021-08-30 13:00:00    10.08980
2021-08-30 14:00:00    12.28970
2021-08-30 15:00:00    11.39020
2021-08-30 16:00:00    11.39020
2021-08-30 17:00:00     9.09266
Name: 8760922, dtype: float64
Date
2021-08-28 19:00:00     5.02596
2021-08-28 20:00:00     7.59567
2021-08-28 21:00:00     7.55958
2021-08-28 22:00:00     7.29255
2021-08-28 23:00:00     7.59654
2021-08-29 00:00:00     8.90144
2021-08-29 01:00:00     9.39494
2021-08-29 02:00:00    11.78880
2021-08-29 03:00:00    12.88570
2021-08-29 04:00:00    14.48400
2021-08-29 05:00:00    14.87240
2021-08-29 06:00:00    18.69110
2021-08-29 07:00:00    15.21480
2021-08-29 08:00:00    19.21450
2021-08-29 09:00:00    18.19730
2021-08-29 10:00:00    23.17200
2021-08-29 11:00:00    33.38640
2021-08-29 12:00:00    44.41140
2021-08-29 13:00:00    45.30470
2021-08-29 14:00:00    43.51220
Name: 8760922, dtype: float64
Date
2021-08-29 22:00:00    14.1523
2021-08-29 23:00:00    17.4365
2021-08-30 00:00:00    17.3318
2021-08-30 01:00:00    17.1597
2021-08-30 02:00:00    16.9252
2021-08-30 03:00:00    15.0686
2021-08-30 04:00:00    16.8846
2021-08-30 05:00:00    20.4578
2021-08-30 06:00:00    14.9705
2021-08-30 07:00:00    16.0422
2021-08-30 08:00:00    14.6373
2021-08-30 09:00:00    13.9396
2021-08-30 10:00:00    13.8019
2021-08-30 11:00:00    13.1540
2021-08-30 12:00:00    12.0232
2021-08-30 13:00:00    12.4417
2021-08-30 14:00:00    11.7450
2021-08-30 15:00:00    12.2997
2021-08-30 16:00:00    12.4119
2021-08-30 17:00:00    12.5924
Name: 8760922, dtype: float64
Testing Ha: mu_drel > 0.1
p-value = 0.00171
reject null hypothesis, mean is more than 0.1
 => 90% accuracy criterion is NOT met.
1 0 0.0017137661143020605
Processing 8761305
In test_90_accuracy:
Date
2021-08-28 19:00:00     6.49182
2021-08-28 20:00:00     9.79170
2021-08-28 21:00:00    10.08980
2021-08-28 22:00:00    10.19260
2021-08-28 23:00:00     8.09550
2021-08-29 00:00:00     6.99554
2021-08-29 01:00:00     6.59462
2021-08-29 02:00:00     6.99554
2021-08-29 03:00:00     9.88936
2021-08-29 04:00:00    12.38740
2021-08-29 05:00:00    13.18920
2021-08-29 06:00:00    10.89170
2021-08-29 07:00:00    13.38970
2021-08-29 08:00:00    10.39310
2021-08-29 09:00:00    13.48740
2021-08-29 10:00:00    12.89110
2021-08-29 11:00:00    18.48340
2021-08-29 12:00:00    17.18300
2021-08-29 13:00:00    18.28300
2021-08-29 14:00:00    20.98150
Name: 8761305, dtype: float64
Date
2021-08-29 22:00:00    27.8742
2021-08-29 23:00:00    27.5761
2021-08-30 00:00:00    27.7766
2021-08-30 01:00:00    23.4795
2021-08-30 02:00:00    26.3785
2021-08-30 03:00:00    22.6828
2021-08-30 04:00:00    23.3819
2021-08-30 05:00:00    20.3801
2021-08-30 06:00:00    19.9843
2021-08-30 07:00:00    17.7844
2021-08-30 08:00:00    18.4834
2021-08-30 09:00:00    20.6834
2021-08-30 10:00:00    15.9854
2021-08-30 11:00:00    20.0820
2021-08-30 12:00:00    13.1892
2021-08-30 13:00:00    15.7849
2021-08-30 14:00:00    12.7883
2021-08-30 15:00:00    13.5902
2021-08-30 16:00:00    13.5902
2021-08-30 17:00:00    12.1869
Name: 8761305, dtype: float64
Date
2021-08-28 19:00:00     6.64935
2021-08-28 20:00:00     6.68027
2021-08-28 21:00:00     7.60339
2021-08-28 22:00:00     7.79220
2021-08-28 23:00:00     7.20397
2021-08-29 00:00:00     6.06090
2021-08-29 01:00:00     6.16515
2021-08-29 02:00:00     7.82630
2021-08-29 03:00:00     8.56022
2021-08-29 04:00:00     8.16824
2021-08-29 05:00:00     8.91183
2021-08-29 06:00:00    12.15770
2021-08-29 07:00:00    10.82020
2021-08-29 08:00:00     9.89847
2021-08-29 09:00:00    12.38020
2021-08-29 10:00:00    14.10460
2021-08-29 11:00:00    14.66050
2021-08-29 12:00:00    15.92200
2021-08-29 13:00:00    18.34550
2021-08-29 14:00:00    17.06010
Name: 8761305, dtype: float64
Date
2021-08-29 22:00:00    20.2737
2021-08-29 23:00:00    19.4521
2021-08-30 00:00:00    17.5825
2021-08-30 01:00:00    21.5994
2021-08-30 02:00:00    19.8235
2021-08-30 03:00:00    20.4065
2021-08-30 04:00:00    19.5865
2021-08-30 05:00:00    17.3601
2021-08-30 06:00:00    14.7703
2021-08-30 07:00:00    15.4752
2021-08-30 08:00:00    14.5225
2021-08-30 09:00:00    13.3627
2021-08-30 10:00:00    12.9562
2021-08-30 11:00:00    11.9484
2021-08-30 12:00:00    10.2843
2021-08-30 13:00:00    10.5542
2021-08-30 14:00:00    10.8618
2021-08-30 15:00:00    10.8934
2021-08-30 16:00:00    10.4664
2021-08-30 17:00:00    10.4035
Name: 8761305, dtype: float64
Testing Ha: mu_drel > 0.1
p-value = 0.09098
accept null hypothesis
 => 90% accuracy criterion is met.
2 1 0.09097756281299667
Processing 8761724
In test_90_accuracy:
Date
2021-08-28 19:00:00     6.79508
2021-08-28 20:00:00     5.79278
2021-08-28 21:00:00     5.09374
2021-08-28 22:00:00     6.99554
2021-08-28 23:00:00     4.69796
2021-08-29 00:00:00     5.09374
2021-08-29 01:00:00     5.69512
2021-08-29 02:00:00     7.09320
2021-08-29 03:00:00     5.19654
2021-08-29 04:00:00     7.59178
2021-08-29 05:00:00    10.69120
2021-08-29 06:00:00    11.48790
2021-08-29 07:00:00    12.49020
2021-08-29 08:00:00     8.79454
2021-08-29 09:00:00    14.58730
2021-08-29 10:00:00    11.09210
2021-08-29 11:00:00    15.98540
2021-08-29 12:00:00    18.38580
2021-08-29 13:00:00    20.98150
2021-08-29 14:00:00    22.78050
Name: 8761724, dtype: float64
Date
2021-08-29 22:00:00    17.68670
2021-08-29 23:00:00    15.78490
2021-08-30 00:00:00    14.78780
2021-08-30 01:00:00    13.88830
2021-08-30 02:00:00    12.28970
2021-08-30 03:00:00    12.28970
2021-08-30 04:00:00    10.49070
2021-08-30 05:00:00     7.69458
2021-08-30 06:00:00     9.99216
2021-08-30 07:00:00     8.79454
2021-08-30 08:00:00    11.39020
2021-08-30 09:00:00    11.09210
2021-08-30 10:00:00     9.79170
2021-08-30 11:00:00     6.89274
2021-08-30 12:00:00     7.39132
2021-08-30 13:00:00     8.98986
2021-08-30 14:00:00     6.99554
2021-08-30 15:00:00     6.89274
2021-08-30 16:00:00     7.69458
2021-08-30 17:00:00     5.69512
Name: 8761724, dtype: float64
Date
2021-08-28 19:00:00     6.78630
2021-08-28 20:00:00     7.69753
2021-08-28 21:00:00     7.82645
2021-08-28 22:00:00     8.15850
2021-08-28 23:00:00     7.14816
2021-08-29 00:00:00     8.47708
2021-08-29 01:00:00     8.77847
2021-08-29 02:00:00     9.68921
2021-08-29 03:00:00    11.75430
2021-08-29 04:00:00    13.02180
2021-08-29 05:00:00    11.65300
2021-08-29 06:00:00    14.74680
2021-08-29 07:00:00    10.82560
2021-08-29 08:00:00    13.40010
2021-08-29 09:00:00    14.50310
2021-08-29 10:00:00    16.25930
2021-08-29 11:00:00    17.02160
2021-08-29 12:00:00    22.80210
2021-08-29 13:00:00    28.55260
2021-08-29 14:00:00    30.23350
Name: 8761724, dtype: float64
Date
2021-08-29 22:00:00    28.4185
2021-08-29 23:00:00    25.0135
2021-08-30 00:00:00    23.5124
2021-08-30 01:00:00    20.3784
2021-08-30 02:00:00    20.0527
2021-08-30 03:00:00    20.2814
2021-08-30 04:00:00    18.4354
2021-08-30 05:00:00    17.0098
2021-08-30 06:00:00    19.7249
2021-08-30 07:00:00    16.4446
2021-08-30 08:00:00    18.4705
2021-08-30 09:00:00    17.0853
2021-08-30 10:00:00    17.3601
2021-08-30 11:00:00    13.9405
2021-08-30 12:00:00    15.5182
2021-08-30 13:00:00    14.1843
2021-08-30 14:00:00    14.9563
2021-08-30 15:00:00    14.6894
2021-08-30 16:00:00    15.0066
2021-08-30 17:00:00    14.0724
Name: 8761724, dtype: float64
Testing Ha: mu_drel > 0.1
p-value = 0.99971
accept null hypothesis
 => 90% accuracy criterion is met.
3 1 0.9997063948327903
Processing 8761927
In test_90_accuracy:
Date
2021-08-28 19:00:00     8.29082
2021-08-28 20:00:00     8.39362
2021-08-28 21:00:00    10.58840
2021-08-28 22:00:00     7.09320
2021-08-28 23:00:00     6.09604
2021-08-29 00:00:00     7.39132
2021-08-29 01:00:00     4.99608
2021-08-29 02:00:00     5.69512
2021-08-29 03:00:00     7.19600
2021-08-29 04:00:00     9.29312
2021-08-29 05:00:00     7.19600
2021-08-29 06:00:00    10.98930
2021-08-29 07:00:00    10.19260
2021-08-29 08:00:00    11.09210
2021-08-29 09:00:00    10.69120
2021-08-29 10:00:00    10.58840
2021-08-29 11:00:00    14.98820
2021-08-29 12:00:00    15.88770
2021-08-29 13:00:00    16.98770
2021-08-29 14:00:00    17.08540
Name: 8761927, dtype: float64
Date
2021-08-29 22:00:00    15.98540
2021-08-29 23:00:00     9.49358
2021-08-30 00:00:00     6.59462
2021-08-30 01:00:00     8.59408
2021-08-30 02:00:00    12.98880
2021-08-30 03:00:00    11.18980
2021-08-30 04:00:00    10.58840
2021-08-30 05:00:00    11.39020
2021-08-30 06:00:00    10.39310
2021-08-30 07:00:00     9.29312
2021-08-30 08:00:00     8.09550
2021-08-30 09:00:00     9.69404
2021-08-30 10:00:00     6.39416
2021-08-30 11:00:00     9.09266
2021-08-30 12:00:00     7.69458
2021-08-30 13:00:00     5.19654
2021-08-30 14:00:00     6.99554
2021-08-30 15:00:00     8.29082
2021-08-30 16:00:00     8.69174
2021-08-30 17:00:00     7.59178
Name: 8761927, dtype: float64
Date
2021-08-28 19:00:00     5.44881
2021-08-28 20:00:00     6.03760
2021-08-28 21:00:00     6.30860
2021-08-28 22:00:00     6.07699
2021-08-28 23:00:00     6.14628
2021-08-29 00:00:00     5.28004
2021-08-29 01:00:00     4.57798
2021-08-29 02:00:00     4.09945
2021-08-29 03:00:00     5.12809
2021-08-29 04:00:00     4.65871
2021-08-29 05:00:00     4.74302
2021-08-29 06:00:00     5.83100
2021-08-29 07:00:00     6.68729
2021-08-29 08:00:00     5.77144
2021-08-29 09:00:00     7.63945
2021-08-29 10:00:00     8.17689
2021-08-29 11:00:00     9.32031
2021-08-29 12:00:00    10.61500
2021-08-29 13:00:00    12.37780
2021-08-29 14:00:00    12.11170
Name: 8761927, dtype: float64
Date
2021-08-29 22:00:00    20.30380
2021-08-29 23:00:00    25.68890
2021-08-30 00:00:00    22.80960
2021-08-30 01:00:00    25.09590
2021-08-30 02:00:00    24.50330
2021-08-30 03:00:00    21.19650
2021-08-30 04:00:00    19.48770
2021-08-30 05:00:00    17.04210
2021-08-30 06:00:00    14.48630
2021-08-30 07:00:00    13.82060
2021-08-30 08:00:00    12.20760
2021-08-30 09:00:00    10.97070
2021-08-30 10:00:00    10.25950
2021-08-30 11:00:00     9.37304
2021-08-30 12:00:00     8.12156
2021-08-30 13:00:00     6.53698
2021-08-30 14:00:00     8.02550
2021-08-30 15:00:00     7.24330
2021-08-30 16:00:00     6.77235
2021-08-30 17:00:00     7.93439
Name: 8761927, dtype: float64
Testing Ha: mu_drel > 0.1
p-value = 0.99970
accept null hypothesis
 => 90% accuracy criterion is met.
4 1 0.999703252005634
Processing 8762482
In test_90_accuracy:
Date
2021-08-28 19:00:00    1.39808
2021-08-28 20:00:00    1.39808
2021-08-28 21:00:00    1.79900
2021-08-28 22:00:00    1.39808
2021-08-28 23:00:00    1.39808
2021-08-29 00:00:00    1.09996
2021-08-29 01:00:00    1.39808
2021-08-29 02:00:00    1.19762
2021-08-29 03:00:00    1.30042
2021-08-29 04:00:00    1.39808
2021-08-29 05:00:00    1.30042
2021-08-29 06:00:00    1.79900
2021-08-29 07:00:00    1.89666
2021-08-29 08:00:00    1.99946
2021-08-29 09:00:00    2.40038
2021-08-29 10:00:00    2.49804
2021-08-29 11:00:00    1.89666
2021-08-29 12:00:00    1.30042
2021-08-29 13:00:00    4.69796
2021-08-29 14:00:00    6.09604
Name: 8762482, dtype: float64
Date
2021-08-29 22:00:00    23.68000
2021-08-29 23:00:00    31.67270
2021-08-30 00:00:00     0.00000
2021-08-30 01:00:00     0.00000
2021-08-30 02:00:00     0.00000
2021-08-30 03:00:00     0.00000
2021-08-30 04:00:00    13.08640
2021-08-30 05:00:00    11.09210
2021-08-30 06:00:00     8.79454
2021-08-30 07:00:00     6.79508
2021-08-30 08:00:00     4.99608
2021-08-30 09:00:00     5.69512
2021-08-30 10:00:00     6.29650
2021-08-30 11:00:00     4.99608
2021-08-30 12:00:00     5.79278
2021-08-30 13:00:00     5.39700
2021-08-30 14:00:00     4.39470
2021-08-30 15:00:00     6.39416
2021-08-30 16:00:00     6.89274
2021-08-30 17:00:00     6.69228
Name: 8762482, dtype: float64
Date
2021-08-28 19:00:00     6.25838
2021-08-28 20:00:00     5.71729
2021-08-28 21:00:00     6.24734
2021-08-28 22:00:00     7.18288
2021-08-28 23:00:00     6.14862
2021-08-29 00:00:00     4.14877
2021-08-29 01:00:00     4.50307
2021-08-29 02:00:00     4.43019
2021-08-29 03:00:00     4.26113
2021-08-29 04:00:00     4.04291
2021-08-29 05:00:00     4.38956
2021-08-29 06:00:00     4.10042
2021-08-29 07:00:00     8.64611
2021-08-29 08:00:00     6.39021
2021-08-29 09:00:00     6.85850
2021-08-29 10:00:00     8.20723
2021-08-29 11:00:00     8.57546
2021-08-29 12:00:00    11.23860
2021-08-29 13:00:00    12.21950
2021-08-29 14:00:00    13.13490
Name: 8762482, dtype: float64
Date
2021-08-29 22:00:00    39.60880
2021-08-29 23:00:00    35.28730
2021-08-30 00:00:00    35.19260
2021-08-30 01:00:00    32.73950
2021-08-30 02:00:00    28.93040
2021-08-30 03:00:00    23.78800
2021-08-30 04:00:00    18.85300
2021-08-30 05:00:00    15.06760
2021-08-30 06:00:00    12.84020
2021-08-30 07:00:00    12.50260
2021-08-30 08:00:00    11.13540
2021-08-30 09:00:00    10.25490
2021-08-30 10:00:00     9.23829
2021-08-30 11:00:00     8.33207
2021-08-30 12:00:00     6.34235
2021-08-30 13:00:00     6.73262
2021-08-30 14:00:00     6.16351
2021-08-30 15:00:00     8.28524
2021-08-30 16:00:00     7.81888
2021-08-30 17:00:00     9.21899
Name: 8762482, dtype: float64
Testing Ha: mu_drel > 0.1
p-value = 0.00012
reject null hypothesis, mean is more than 0.1
 => 90% accuracy criterion is NOT met.
5 0 0.00011729748425986529
Processing 8762484
In test_90_accuracy:
Date
2021-08-28 19:00:00       4.89328
2021-08-28 20:00:00       6.59462
2021-08-28 21:00:00       8.29082
2021-08-28 22:00:00       7.09320
2021-08-28 23:00:00    9999.00000
2021-08-29 00:00:00       7.09320
2021-08-29 01:00:00       7.99270
2021-08-29 02:00:00       7.69458
2021-08-29 03:00:00       6.39416
2021-08-29 04:00:00       7.09320
2021-08-29 05:00:00       8.29082
2021-08-29 06:00:00       8.39362
2021-08-29 07:00:00       6.79508
2021-08-29 08:00:00       6.49182
2021-08-29 09:00:00       7.19600
2021-08-29 10:00:00       8.79454
2021-08-29 11:00:00       7.99270
2021-08-29 12:00:00       9.69404
2021-08-29 13:00:00      10.08980
2021-08-29 14:00:00      11.68840
Name: 8762484, dtype: float64
Date
2021-08-29 22:00:00      26.77430
2021-08-29 23:00:00      29.47280
2021-08-30 00:00:00       1.39808
2021-08-30 01:00:00       0.00000
2021-08-30 02:00:00    9999.00000
2021-08-30 03:00:00       0.00000
2021-08-30 04:00:00       0.00000
2021-08-30 05:00:00       0.00000
2021-08-30 06:00:00       0.00000
2021-08-30 07:00:00       0.00000
2021-08-30 08:00:00       0.00000
2021-08-30 09:00:00       0.00000
2021-08-30 10:00:00       0.00000
2021-08-30 11:00:00       0.00000
2021-08-30 12:00:00       0.00000
2021-08-30 13:00:00    9999.00000
2021-08-30 14:00:00    9999.00000
2021-08-30 15:00:00       0.00000
2021-08-30 16:00:00       0.00000
2021-08-30 17:00:00       0.00000
Name: 8762484, dtype: float64
Date
2021-08-28 19:00:00     7.90718
2021-08-28 20:00:00     7.70110
2021-08-28 21:00:00     8.97620
2021-08-28 22:00:00     9.86331
2021-08-28 23:00:00     9.37381
2021-08-29 00:00:00     9.33420
2021-08-29 01:00:00     9.02810
2021-08-29 02:00:00     9.71544
2021-08-29 03:00:00     9.57136
2021-08-29 04:00:00     9.37993
2021-08-29 05:00:00     9.88615
2021-08-29 06:00:00    10.76370
2021-08-29 07:00:00    10.64730
2021-08-29 08:00:00    11.71280
2021-08-29 09:00:00    12.36810
2021-08-29 10:00:00    13.23120
2021-08-29 11:00:00    14.70110
2021-08-29 12:00:00    15.39640
2021-08-29 13:00:00    17.04000
2021-08-29 14:00:00    18.62950
Name: 8762484, dtype: float64
Date
2021-08-29 22:00:00    39.26650
2021-08-29 23:00:00    43.27340
2021-08-30 00:00:00    43.46660
2021-08-30 01:00:00    47.64650
2021-08-30 02:00:00    42.86100
2021-08-30 03:00:00    34.42820
2021-08-30 04:00:00    28.77060
2021-08-30 05:00:00    25.08300
2021-08-30 06:00:00    21.71730
2021-08-30 07:00:00    18.78530
2021-08-30 08:00:00    16.98340
2021-08-30 09:00:00    14.75500
2021-08-30 10:00:00    13.06810
2021-08-30 11:00:00    11.66090
2021-08-30 12:00:00     9.56809
2021-08-30 13:00:00     9.96565
2021-08-30 14:00:00     9.71321
2021-08-30 15:00:00     9.33679
2021-08-30 16:00:00     9.62547
2021-08-30 17:00:00    10.80720
Name: 8762484, dtype: float64
Testing Ha: mu_drel > 0.1
p-value = 0.63334
accept null hypothesis
 => 90% accuracy criterion is met.
6 1 0.6333359091804922
Processing 8764044
In test_90_accuracy:
Date
2021-08-28 19:00:00    5.49466
2021-08-28 20:00:00    5.09374
2021-08-28 21:00:00    4.39470
2021-08-28 22:00:00    4.59516
2021-08-28 23:00:00    4.59516
2021-08-29 00:00:00    1.09996
2021-08-29 01:00:00    4.29704
2021-08-29 02:00:00    3.89612
2021-08-29 03:00:00    1.99946
2021-08-29 04:00:00    4.89328
2021-08-29 05:00:00    2.40038
2021-08-29 06:00:00    1.59854
2021-08-29 07:00:00    2.29758
2021-08-29 08:00:00    3.39754
2021-08-29 09:00:00    3.19708
2021-08-29 10:00:00    2.89896
2021-08-29 11:00:00    4.79562
2021-08-29 12:00:00    3.79846
2021-08-29 13:00:00    5.89558
2021-08-29 14:00:00    5.59746
Name: 8764044, dtype: float64
Date
2021-08-29 22:00:00     9.69404
2021-08-29 23:00:00    11.48790
2021-08-30 00:00:00     8.39362
2021-08-30 01:00:00     9.99216
2021-08-30 02:00:00     8.79454
2021-08-30 03:00:00     7.79224
2021-08-30 04:00:00     6.59462
2021-08-30 05:00:00     7.09320
2021-08-30 06:00:00     6.09604
2021-08-30 07:00:00     8.09550
2021-08-30 08:00:00     6.79508
2021-08-30 09:00:00     5.79278
2021-08-30 10:00:00     5.39700
2021-08-30 11:00:00     5.69512
2021-08-30 12:00:00     4.99608
2021-08-30 13:00:00     4.49750
2021-08-30 14:00:00     6.79508
2021-08-30 15:00:00     5.99324
2021-08-30 16:00:00     7.49412
2021-08-30 17:00:00     5.89558
Name: 8764044, dtype: float64
Date
2021-08-28 19:00:00    4.90987
2021-08-28 20:00:00    5.18933
2021-08-28 21:00:00    4.76929
2021-08-28 22:00:00    5.45057
2021-08-28 23:00:00    3.68136
2021-08-29 00:00:00    3.08328
2021-08-29 01:00:00    3.52087
2021-08-29 02:00:00    3.12469
2021-08-29 03:00:00    3.41947
2021-08-29 04:00:00    3.36046
2021-08-29 05:00:00    3.20807
2021-08-29 06:00:00    3.07395
2021-08-29 07:00:00    4.23456
2021-08-29 08:00:00    4.06435
2021-08-29 09:00:00    4.76357
2021-08-29 10:00:00    5.76796
2021-08-29 11:00:00    6.64225
2021-08-29 12:00:00    7.16382
2021-08-29 13:00:00    7.87707
2021-08-29 14:00:00    8.99306
Name: 8764044, dtype: float64
Date
2021-08-29 22:00:00    20.95130
2021-08-29 23:00:00    18.96430
2021-08-30 00:00:00    18.25080
2021-08-30 01:00:00    20.29510
2021-08-30 02:00:00    18.40330
2021-08-30 03:00:00    14.60730
2021-08-30 04:00:00    13.00860
2021-08-30 05:00:00    11.63510
2021-08-30 06:00:00    10.26510
2021-08-30 07:00:00     8.28199
2021-08-30 08:00:00     8.03087
2021-08-30 09:00:00     8.61347
2021-08-30 10:00:00     6.96886
2021-08-30 11:00:00     6.23222
2021-08-30 12:00:00     6.64418
2021-08-30 13:00:00     6.17379
2021-08-30 14:00:00     6.95494
2021-08-30 15:00:00     7.92523
2021-08-30 16:00:00     7.76766
2021-08-30 17:00:00     7.77394
Name: 8764044, dtype: float64
Testing Ha: mu_drel > 0.1
p-value = 0.00003
reject null hypothesis, mean is more than 0.1
 => 90% accuracy criterion is NOT met.
7 0 2.5545450326826925e-05
Processing 8764227
In test_90_accuracy:
Date
2021-08-28 19:00:00    3.19708
2021-08-28 20:00:00    6.09604
2021-08-28 21:00:00    3.79846
2021-08-28 22:00:00    4.69796
2021-08-28 23:00:00    2.99662
2021-08-29 00:00:00    1.89666
2021-08-29 01:00:00    1.19762
2021-08-29 02:00:00    2.69850
2021-08-29 03:00:00    1.69620
2021-08-29 04:00:00    2.69850
2021-08-29 05:00:00    3.09942
2021-08-29 06:00:00    1.39808
2021-08-29 07:00:00    2.09712
2021-08-29 08:00:00    1.79900
2021-08-29 09:00:00    1.59854
2021-08-29 10:00:00    3.39754
2021-08-29 11:00:00    2.19992
2021-08-29 12:00:00    3.29474
2021-08-29 13:00:00    4.79562
2021-08-29 14:00:00    7.49412
Name: 8764227, dtype: float64
Date
2021-08-29 22:00:00    18.38580
2021-08-29 23:00:00    17.68670
2021-08-30 00:00:00    18.38580
2021-08-30 01:00:00    15.28640
2021-08-30 02:00:00    12.49020
2021-08-30 03:00:00     8.09550
2021-08-30 04:00:00     6.79508
2021-08-30 05:00:00     3.59800
2021-08-30 06:00:00     4.09658
2021-08-30 07:00:00     4.19424
2021-08-30 08:00:00     3.69566
2021-08-30 09:00:00     3.39754
2021-08-30 10:00:00     2.99662
2021-08-30 11:00:00     3.69566
2021-08-30 12:00:00     2.40038
2021-08-30 13:00:00     2.69850
2021-08-30 14:00:00     2.29758
2021-08-30 15:00:00     2.89896
2021-08-30 16:00:00     2.79616
2021-08-30 17:00:00     3.09942
Name: 8764227, dtype: float64
Date
2021-08-28 19:00:00     4.17436
2021-08-28 20:00:00     5.13007
2021-08-28 21:00:00     5.09714
2021-08-28 22:00:00     4.75493
2021-08-28 23:00:00     5.06887
2021-08-29 00:00:00     4.07328
2021-08-29 01:00:00     3.78488
2021-08-29 02:00:00     4.08046
2021-08-29 03:00:00     4.36442
2021-08-29 04:00:00     4.40995
2021-08-29 05:00:00     4.01964
2021-08-29 06:00:00     3.63153
2021-08-29 07:00:00     4.61669
2021-08-29 08:00:00     4.89959
2021-08-29 09:00:00     5.21847
2021-08-29 10:00:00     5.87190
2021-08-29 11:00:00     7.00212
2021-08-29 12:00:00     8.64688
2021-08-29 13:00:00     8.76873
2021-08-29 14:00:00    10.20330
Name: 8764227, dtype: float64
Date
2021-08-29 22:00:00    20.92630
2021-08-29 23:00:00    19.94650
2021-08-30 00:00:00    20.92410
2021-08-30 01:00:00    20.30680
2021-08-30 02:00:00    18.90520
2021-08-30 03:00:00    17.23110
2021-08-30 04:00:00    15.31590
2021-08-30 05:00:00    13.22890
2021-08-30 06:00:00    12.96610
2021-08-30 07:00:00    12.25140
2021-08-30 08:00:00    10.94970
2021-08-30 09:00:00    11.09670
2021-08-30 10:00:00    10.62350
2021-08-30 11:00:00    11.69960
2021-08-30 12:00:00    10.15960
2021-08-30 13:00:00     9.23494
2021-08-30 14:00:00     8.31300
2021-08-30 15:00:00     9.96875
2021-08-30 16:00:00     9.93357
2021-08-30 17:00:00     9.61785
Name: 8764227, dtype: float64
Testing Ha: mu_drel > 0.1
p-value = 0.00000
reject null hypothesis, mean is more than 0.1
 => 90% accuracy criterion is NOT met.
8 0 7.146243175227061e-09
Processing 8766072
In test_90_accuracy:
Date
2021-08-28 19:00:00    3.69566
2021-08-28 20:00:00    3.89612
2021-08-28 21:00:00    2.09712
2021-08-28 22:00:00    1.59854
2021-08-28 23:00:00    3.69566
2021-08-29 00:00:00    1.89666
2021-08-29 01:00:00    2.59570
2021-08-29 02:00:00    2.09712
2021-08-29 03:00:00    2.99662
2021-08-29 04:00:00    1.79900
2021-08-29 05:00:00    2.09712
2021-08-29 06:00:00    1.89666
2021-08-29 07:00:00    2.49804
2021-08-29 08:00:00    3.09942
2021-08-29 09:00:00    3.39754
2021-08-29 10:00:00    5.09374
2021-08-29 11:00:00    4.39470
2021-08-29 12:00:00    5.49466
2021-08-29 13:00:00    5.29420
2021-08-29 14:00:00    5.39700
Name: 8766072, dtype: float64
Date
2021-08-29 22:00:00    10.08980
2021-08-29 23:00:00     8.49128
2021-08-30 00:00:00     7.39132
2021-08-30 01:00:00     8.69174
2021-08-30 02:00:00     6.59462
2021-08-30 03:00:00     6.19370
2021-08-30 04:00:00     8.19316
2021-08-30 05:00:00     5.69512
2021-08-30 06:00:00     5.79278
2021-08-30 07:00:00     5.89558
2021-08-30 08:00:00     5.09374
2021-08-30 09:00:00     4.99608
2021-08-30 10:00:00     4.89328
2021-08-30 11:00:00     4.59516
2021-08-30 12:00:00     5.29420
2021-08-30 13:00:00     5.09374
2021-08-30 14:00:00     6.09604
2021-08-30 15:00:00     5.99324
2021-08-30 16:00:00     6.99554
2021-08-30 17:00:00     6.29650
Name: 8766072, dtype: float64
Date
2021-08-28 19:00:00    5.83765
2021-08-28 20:00:00    4.33452
2021-08-28 21:00:00    3.70099
2021-08-28 22:00:00    3.90477
2021-08-28 23:00:00    3.41487
2021-08-29 00:00:00    2.85389
2021-08-29 01:00:00    3.25199
2021-08-29 02:00:00    3.19042
2021-08-29 03:00:00    3.23801
2021-08-29 04:00:00    4.29720
2021-08-29 05:00:00    3.67308
2021-08-29 06:00:00    2.97603
2021-08-29 07:00:00    3.13992
2021-08-29 08:00:00    3.16200
2021-08-29 09:00:00    3.42947
2021-08-29 10:00:00    3.56967
2021-08-29 11:00:00    3.89556
2021-08-29 12:00:00    4.39422
2021-08-29 13:00:00    5.11452
2021-08-29 14:00:00    6.25645
Name: 8766072, dtype: float64
Date
2021-08-29 22:00:00    9.16794
2021-08-29 23:00:00    8.21073
2021-08-30 00:00:00    7.64700
2021-08-30 01:00:00    7.69764
2021-08-30 02:00:00    7.54715
2021-08-30 03:00:00    6.94725
2021-08-30 04:00:00    7.07443
2021-08-30 05:00:00    6.77761
2021-08-30 06:00:00    6.76998
2021-08-30 07:00:00    5.55235
2021-08-30 08:00:00    6.02599
2021-08-30 09:00:00    5.90115
2021-08-30 10:00:00    7.04978
2021-08-30 11:00:00    6.48645
2021-08-30 12:00:00    4.13708
2021-08-30 13:00:00    4.81198
2021-08-30 14:00:00    6.54317
2021-08-30 15:00:00    6.63942
2021-08-30 16:00:00    6.47264
2021-08-30 17:00:00    6.91221
Name: 8766072, dtype: float64
Testing Ha: mu_drel > 0.1
p-value = 0.85653
accept null hypothesis
 => 90% accuracy criterion is met.
9 1 0.856531837450791
Processing 8747437
In test_90_accuracy:
Date
2021-08-28 19:00:00     3.19708
2021-08-28 20:00:00     2.99662
2021-08-28 21:00:00     7.59178
2021-08-28 22:00:00     6.79508
2021-08-28 23:00:00     8.09550
2021-08-29 00:00:00     7.59178
2021-08-29 01:00:00     5.89558
2021-08-29 02:00:00     3.29474
2021-08-29 03:00:00     4.69796
2021-08-29 04:00:00     5.19654
2021-08-29 05:00:00     6.89274
2021-08-29 06:00:00     7.89504
2021-08-29 07:00:00     6.89274
2021-08-29 08:00:00     8.09550
2021-08-29 09:00:00     9.19032
2021-08-29 10:00:00     7.69458
2021-08-29 11:00:00     7.89504
2021-08-29 12:00:00     6.99554
2021-08-29 13:00:00    13.08640
2021-08-29 14:00:00    13.28690
Name: 8747437, dtype: float64
Date
2021-08-29 22:00:00    18.08250
2021-08-29 23:00:00    18.78160
2021-08-30 00:00:00    19.68110
2021-08-30 01:00:00    19.68110
2021-08-30 02:00:00    19.38290
2021-08-30 03:00:00    21.08430
2021-08-30 04:00:00    18.38580
2021-08-30 05:00:00    19.78390
2021-08-30 06:00:00    21.18190
2021-08-30 07:00:00    20.08200
2021-08-30 08:00:00    15.98540
2021-08-30 09:00:00    15.28640
2021-08-30 10:00:00    11.39020
2021-08-30 11:00:00    14.08870
2021-08-30 12:00:00    10.49070
2021-08-30 13:00:00     9.79170
2021-08-30 14:00:00     9.49358
2021-08-30 15:00:00     8.09550
2021-08-30 16:00:00    11.59070
2021-08-30 17:00:00     9.79170
Name: 8747437, dtype: float64
Date
2021-08-28 19:00:00     7.54793
2021-08-28 20:00:00     7.83805
2021-08-28 21:00:00     7.52213
2021-08-28 22:00:00     7.54764
2021-08-28 23:00:00     8.09355
2021-08-29 00:00:00     8.46391
2021-08-29 01:00:00     8.08175
2021-08-29 02:00:00     6.35762
2021-08-29 03:00:00     6.58089
2021-08-29 04:00:00     7.29852
2021-08-29 05:00:00     7.31452
2021-08-29 06:00:00     8.22556
2021-08-29 07:00:00     9.55033
2021-08-29 08:00:00     9.25378
2021-08-29 09:00:00    10.65840
2021-08-29 10:00:00    11.65480
2021-08-29 11:00:00    11.56370
2021-08-29 12:00:00    12.22900
2021-08-29 13:00:00    11.41140
2021-08-29 14:00:00    13.33000
Name: 8747437, dtype: float64
Date
2021-08-29 22:00:00    20.9824
2021-08-29 23:00:00    19.6429
2021-08-30 00:00:00    21.9174
2021-08-30 01:00:00    22.4918
2021-08-30 02:00:00    22.8004
2021-08-30 03:00:00    24.9188
2021-08-30 04:00:00    23.0100
2021-08-30 05:00:00    23.9196
2021-08-30 06:00:00    24.0462
2021-08-30 07:00:00    21.7369
2021-08-30 08:00:00    21.6321
2021-08-30 09:00:00    19.8975
2021-08-30 10:00:00    18.2036
2021-08-30 11:00:00    19.6871
2021-08-30 12:00:00    17.5313
2021-08-30 13:00:00    16.3114
2021-08-30 14:00:00    12.2012
2021-08-30 15:00:00    15.5756
2021-08-30 16:00:00    13.7872
2021-08-30 17:00:00    15.2834
Name: 8747437, dtype: float64
Testing Ha: mu_drel > 0.1
p-value = 0.00062
reject null hypothesis, mean is more than 0.1
 => 90% accuracy criterion is NOT met.
10 0 0.0006214466088706018
Post-processing completed
Thu May  5 14:46:54 UTC 2022
_______________________________________________________________
Start Epilog v20.08.28 on node h23c07 for job 31287275 :: Thu May 5 14:46:55 UTC 2022
Job 31287275 (serial) finished for user Anil.Kumar in partition hera with exit code 0:0
_______________________________________________________________
End Epilogue v20.08.28 Thu May 5 14:46:55 UTC 2022
