Running .bash_login...
Setting stack size to unlimited

Currently Loaded Modules:
  1) intel/18.0.5.274   4) hdf5_parallel/1.10.6.release
  2) impi/2018.0.4      5) netcdf_parallel/4.7.4.release
  3) szip/2.1           6) esmf/8.1.0bs36g

 

Running .bash_login...
Setting stack size to unlimited
Sat Feb 26 21:29:16 UTC 2022
=============================================================
=                                                            
=         RUNNING NSEM FOR STORM: irma                   
=         RUN TYPE: tide_spinup                              
=                                                            
=============================================================
 > Spin-up Start Time:   2017-08-23T12:00:00
 > Base run Start Time:  2017-09-05T00:00:00
 > End Time:             2017-09-12T00:00:00
 > SpinUp/TideBaseRun/BestTrack case :
 > Prepare NEMS related input files ..
   > Prepare atm_namelist.rc ..
'/scratch2/NCEPDEV/stmp1/Andre.VanderWesthuysen/data/irma.tide_spinup.20220226/run/model_configure' -> '/scratch2/NCEPDEV/stmp1/Andre.VanderWesthuysen/data/irma.tide_spinup.20220226/run/atm_namelist.rc'
   > Prepare nems.configure ..
   > Prepare config.rc ..
 > Prepare adcirc inps ... (take couple of minutes)
   > Prepare fort.15 ..
   > Prepare Tidal factors ..
 cd   /scratch2/NCEPDEV/stmp1/Andre.VanderWesthuysen/data/irma.tide_spinup.20220226/run ; /scratch2/COASTAL/coastal/save/Andre.VanderWesthuysen/NSEM-workflow/exec/tide_fac <  tide_inp.txt  >  tidefac.log
 > AdcPrep ...  
 cd /scratch2/NCEPDEV/stmp1/Andre.VanderWesthuysen/data/irma.tide_spinup.20220226/run ; /scratch2/COASTAL/coastal/save/Andre.VanderWesthuysen/NSEM-workflow/exec/adcprep --np 720  --prepall  >> adcprep.log
 > End of Preproc.x ...  
 > Copy ADCIRC HotStart input file from >  /scratch2/NCEPDEV/stmp1/Andre.VanderWesthuysen/data/nwges/para/nsem.20220226/irma
-----------------------------------
FINISH  > Ready to submit ..
-----------------------------------
Storm case: irma
Run type: tide_spinup
start_date:
2017-08-23 12:00:00
duration:
12 days, 12:00:00
end_date:
2017-09-05 00:00:00
 TIDAL FACTORS STARTING:  HR-12.00,  DAY- 23,  MONTH-  8  YEAR- 2017



 FOR A RUN LASTING    19.50 DAYS





 CONST   NODE     EQ ARG (ref GM)

 NAME   FACTOR    (DEG) 





 K1    0.91165      55.95

 O1    0.85577     275.85

 P1    1.00000     298.02

 Q1    0.85577     190.07

 N2    1.03026     242.83

 M2    1.03026     328.61

 S2    1.00000       0.00

 K2    0.79580     292.75

 MF    0.71011     316.91

 MM    1.10458      85.78

 M4    1.06143     297.22

 MS4   1.03026     328.61

 MN4   1.06143     211.44

 cd   /scratch2/NCEPDEV/stmp1/Andre.VanderWesthuysen/data/irma.tide_spinup.20220226/run ; /scratch2/COASTAL/coastal/save/Andre.VanderWesthuysen/NSEM-workflow/exec/adcprep --np 720  --partmesh >  adcprep.log
Pre-process completed
Sat Feb 26 21:33:47 UTC 2022
_______________________________________________________________
Start Epilog v20.08.28 on node h14c22 for job 28990550 :: Sat Feb 26 21:33:49 UTC 2022
Job 28990550 (serial) finished for user Andre.VanderWesthuysen in partition hera with exit code 0:0
_______________________________________________________________
End Epilogue v20.08.28 Sat Feb 26 21:33:49 UTC 2022
